2024-07-18T16:23:19.437Z - info: [ui] [AppStore] loading 0 repositories from store
2024-07-18T16:23:19.498Z - info: [ui] [Welcome] no sign in step found. ignoring...
2024-07-18T16:23:19.499Z - info: [ui] launching: 3.4.2-linux1 (Linux 6.9.9-arch1-1)
2024-07-18T16:23:19.502Z - info: [ui] execPath: '/opt/github-desktop/github-desktop'
2024-07-18T16:23:19.527Z - info: [ui] [Welcome] no sign in step found. ignoring...
2024-07-18T16:23:19.541Z - info: [ui] [Welcome] no sign in step found. ignoring...
2024-07-18T16:23:19.754Z - info: [ui] Opt in reported.
2024-07-18T16:23:20.250Z - info: [ui] [Welcome] no sign in step found. ignoring...
2024-07-18T16:23:22.212Z - info: [ui] [Welcome] advancing to step: SignInToDotComWithBrowser
2024-07-18T16:23:22.212Z - info: [ui] [SignInStore] initializing OAuth flow
2024-07-18T16:23:22.221Z - info: [main] opening in browser: https://github.com/login/oauth/authorize?client_id=3a723b10ac5575cc5bb9&scope=repo%20user%20workflow&state=b2b0c3f5-61e9-49b2-9726-f9924bded600
2024-07-18T16:23:22.221Z - info: [ui] [SignInStore] account resolved
2024-07-18T16:23:22.222Z - info: [ui] [Welcome] current sign in state not found. ignoring...
2024-07-18T16:23:26.617Z - info: [ui] [Welcome] kind Authentication is the same as Authentication. ignoring...
2024-07-18T16:23:32.987Z - info: [main] Received possible protocol arguments: 3
2024-07-18T16:23:32.987Z - info: [main] Processing protocol url
2024-07-18T16:23:32.989Z - info: [ui] [Welcome] kind Authentication is the same as Authentication. ignoring...
2024-07-18T16:23:33.077Z - info: [main] Received possible protocol arguments: 2
2024-07-18T16:23:33.082Z - info: [main] Processing protocol url
2024-07-18T16:23:33.511Z - info: [ui] [Welcome] kind Authentication is the same as Authentication. ignoring...
2024-07-18T16:23:33.827Z - info: [ui] [AppStore] adding account junotvd (junotvd) to store
2024-07-18T16:23:33.828Z - info: [ui] [Welcome] advancing to step: ConfigureGit
2024-07-18T16:23:33.905Z - info: [ui] [Welcome] no sign in step found. ignoring...
2024-07-18T16:23:34.060Z - info: [ui] [Welcome] no sign in step found. ignoring...
2024-07-18T16:23:52.443Z - info: [ui] [Welcome] no sign in step found. ignoring...
2024-07-18T16:23:52.658Z - info: [ui] [Welcome] no sign in step found. ignoring...
2024-07-18T16:23:52.766Z - info: [ui] Subscribed 'junotvd' to Alive channel
2024-07-18T16:24:34.111Z - info: [ui] Subscribed 'junotvd' to Alive channel
2024-07-18T16:24:34.123Z - info: [ui] [AppStore] loading 0 repositories from store
2024-07-18T16:24:34.123Z - info: [ui] [AppStore] found account: junotvd (junotvd)
2024-07-18T16:24:34.173Z - info: [ui] launching: 3.4.2-linux1 (Linux 6.9.9-arch1-1)
2024-07-18T16:24:34.174Z - info: [ui] execPath: '/opt/github-desktop/github-desktop'
2024-07-18T16:24:34.625Z - info: [ui] Stats reported.
