--- Startup times for process: Primary (or UI client) ---

times in msec
 clock   self+sourced   self:  sourced script
 clock   elapsed:              other lines

000.001  000.001: --- NVIM STARTING ---
000.167  000.167: event init
000.250  000.083: early init
000.297  000.047: locale set
000.353  000.056: init first window
000.713  000.360: inits 1
000.722  000.008: window checked
000.725  000.003: parsing arguments
001.256  000.044  000.044: require('vim.shared')
001.346  000.040  000.040: require('vim.inspect')
001.395  000.041  000.041: require('vim._options')
001.402  000.142  000.062: require('vim._editor')
001.440  000.038  000.038: require('vim._system')
001.441  000.255  000.030: require('vim._init_packages')
001.443  000.463: init lua interpreter
002.446  001.003: nvim_ui_attach
002.794  000.348: nvim_set_client_info
002.795  000.001: --- NVIM STARTED ---

--- Startup times for process: Embedded ---

times in msec
 clock   self+sourced   self:  sourced script
 clock   elapsed:              other lines

000.001  000.001: --- NVIM STARTING ---
000.261  000.260: event init
000.377  000.116: early init
000.473  000.096: locale set
000.540  000.067: init first window
001.183  000.643: inits 1
001.221  000.038: window checked
001.224  000.004: parsing arguments
003.525  000.047  000.047: require('vim.shared')
003.618  000.035  000.035: require('vim.inspect')
003.665  000.036  000.036: require('vim._options')
003.671  000.143  000.072: require('vim._editor')
003.702  000.030  000.030: require('vim._system')
003.703  000.251  000.031: require('vim._init_packages')
003.705  002.230: init lua interpreter
003.778  000.073: expanding arguments
003.800  000.022: inits 2
004.101  000.301: init highlight
004.103  000.003: waiting for UI
004.369  000.266: done waiting for UI
004.377  000.008: clear screen
004.545  000.018  000.018: require('vim.keymap')
005.311  000.124  000.124: sourcing nvim_exec2()
005.424  001.044  000.902: require('vim._defaults')
005.426  000.004: init default mappings & autocommands
005.931  000.041  000.041: sourcing /usr/share/nvim/runtime/ftplugin.vim
005.987  000.021  000.021: sourcing /usr/share/nvim/runtime/indent.vim
006.066  000.019  000.019: sourcing /usr/share/nvim/archlinux.vim
006.070  000.051  000.032: sourcing /etc/xdg/nvim/sysinit.vim
007.926  000.007  000.007: require('vim.F')
007.973  001.780  001.773: require('vim.diagnostic')
007.976  001.866  000.087: sourcing /home/junot/.config/nvim-exp/init.lua
007.984  000.579: sourcing vimrc file(s)
008.210  000.016  000.016: sourcing /usr/share/vim/vimfiles/ftdetect/PKGBUILD.vim
008.242  000.013  000.013: sourcing /usr/share/vim/vimfiles/ftdetect/SRCINFO.vim
008.278  000.016  000.016: sourcing /usr/share/vim/vimfiles/ftdetect/meson.vim
008.283  000.193  000.148: sourcing nvim_exec2() called at /usr/share/nvim/runtime/filetype.lua:0
008.285  000.264  000.071: sourcing /usr/share/nvim/runtime/filetype.lua
008.455  000.064  000.064: sourcing /usr/share/nvim/runtime/syntax/synload.vim
008.571  000.242  000.178: sourcing /usr/share/nvim/runtime/syntax/syntax.vim
009.036  000.046  000.046: sourcing /usr/share/nvim/runtime/filetype.lua
009.115  000.015  000.015: sourcing /usr/share/nvim/runtime/ftplugin.vim
009.173  000.010  000.010: sourcing /usr/share/nvim/runtime/indent.vim
009.189  000.234  000.164: sourcing nvim_exec2() called at /home/junot/dotfiles/nvim-exp/plugin/01-options.lua:0
019.588  010.676  010.442: sourcing /home/junot/.config/nvim-exp/plugin/01-options.lua
020.294  000.053  000.053: require('vim._async')
020.461  000.165  000.165: require('vim.version')
020.859  001.172  000.954: require('vim.pack')
020.891  000.027  000.027: require('vim.fs')
022.924  000.064  000.064: require('vim.treesitter.language')
022.951  000.023  000.023: require('vim.func')
023.015  000.063  000.063: require('vim.treesitter._range')
023.064  000.047  000.047: require('vim.func._memoize')
023.079  000.513  000.315: require('vim.treesitter.query')
023.100  001.008  000.495: require('vim.treesitter.languagetree')
023.104  001.460  000.453: require('vim.treesitter')
023.189  001.606  000.146: sourcing /home/junot/.local/share/nvim-exp/site/pack/core/opt/nvim-treesitter/plugin/filetypes.lua
023.250  000.040  000.040: sourcing /home/junot/.local/share/nvim-exp/site/pack/core/opt/nvim-treesitter/plugin/nvim-treesitter.lua
023.289  000.020  000.020: sourcing /home/junot/.local/share/nvim-exp/site/pack/core/opt/nvim-treesitter/plugin/query_predicates.lua
023.644  000.103  000.103: sourcing /home/junot/.local/share/nvim-exp/site/pack/core/opt/nvim-lspconfig/plugin/lspconfig.lua
024.594  000.337  000.337: require('lz.n')
024.731  000.071  000.071: require('lz.n.spec')
024.894  000.063  000.063: require('lz.n.loader')
024.929  000.035  000.035: require('lz.n.handler.state')
024.931  000.144  000.046: require('lz.n.handler.cmd')
025.022  000.090  000.090: require('lz.n.handler.event')
025.046  000.024  000.024: require('lz.n.handler.ft')
025.121  000.074  000.074: require('lz.n.handler.keys')
025.151  000.029  000.029: require('lz.n.handler.colorscheme')
025.171  000.019  000.019: require('lz.n.handler.lazy')
025.172  000.436  000.056: require('lz.n.handler')
025.419  000.246  000.246: require('vim.iter')
025.941  000.042  000.042: require('mason-core.path')
026.159  000.023  000.023: require('mason-core.functional.data')
026.226  000.066  000.066: require('mason-core.functional.function')
026.345  000.113  000.113: require('mason-core.functional.list')
026.398  000.034  000.034: require('mason-core.functional.relation')
026.438  000.037  000.037: require('mason-core.functional.logic')
026.466  000.026  000.026: require('mason-core.functional.number')
026.534  000.061  000.061: require('mason-core.functional.string')
026.588  000.049  000.049: require('mason-core.functional.table')
026.612  000.023  000.023: require('mason-core.functional.type')
026.614  000.549  000.116: require('mason-core.functional')
026.641  000.699  000.150: require('mason-core.platform')
026.738  000.096  000.096: require('mason.settings')
026.742  000.895  000.058: require('mason-core.installer.InstallLocation')
027.018  000.140  000.140: require('mason-core.log')
027.020  000.184  000.044: require('mason-core.EventEmitter')
027.122  000.101  000.101: require('mason-registry.sources')
027.126  000.384  000.099: require('mason-registry')
027.128  001.321  000.043: require('mason')
027.407  000.198  000.198: require('mason.api.command')
027.517  000.019  000.019: require('mason-lspconfig.settings')
027.520  000.109  000.089: require('mason-lspconfig')
027.683  000.153  000.153: require('mason-core.async')
027.798  000.056  000.056: require('mason-core.async.control')
027.858  000.058  000.058: require('mason-core.result')
027.943  000.019  000.019: require('mason-core.async.uv')
027.946  000.088  000.069: require('mason-core.fs')
027.988  000.304  000.102: require('mason-registry.installer')
028.175  000.077  000.077: require('mason-core.optional')
028.377  000.107  000.107: require('mason-core.process')
028.439  000.061  000.061: require('mason-core.spawn')
028.441  000.200  000.031: require('mason-core.installer.managers.powershell')
028.458  000.017  000.017: require('mason.version')
028.460  000.284  000.067: require('mason-core.fetch')
028.496  000.036  000.036: require('mason-core.providers')
028.762  000.104  000.104: require('mason-core.purl')
028.766  000.177  000.073: require('mason-core.package.AbstractPackage')
029.101  000.056  000.056: require('mason-core.installer.compiler.expr')
029.105  000.165  000.109: require('mason-core.installer.compiler.link')
029.386  000.030  000.030: require('mason-core.installer.context.InstallContextCwd')
029.432  000.044  000.044: require('mason-core.installer.context.InstallContextFs')
029.461  000.028  000.028: require('mason-core.installer.context.InstallContextSpawn')
029.525  000.063  000.063: require('mason-core.receipt')
029.535  000.280  000.115: require('mason-core.installer.context')
029.536  000.299  000.019: require('mason-core.installer')
029.548  000.402  000.102: require('mason-core.installer.managers.std')
029.550  000.445  000.043: require('mason-core.installer.compiler.schemas')
029.624  000.073  000.073: require('mason-core.installer.compiler.util')
029.629  000.777  000.094: require('mason-core.installer.compiler')
029.705  000.075  000.075: require('mason-core.installer.linker')
029.707  000.940  000.088: require('mason-core.installer.InstallRunner')
029.772  000.064  000.064: require('mason-core.installer.UninstallRunner')
029.775  001.250  000.069: require('mason-core.package')
029.777  001.281  000.031: require('mason-registry.sources.util')
029.782  001.769  000.092: require('mason-registry.sources.github')
032.292  000.030  000.030: require('mason-lspconfig.mappings')
032.295  000.082  000.052: require('mason-lspconfig.features.automatic_enable')
036.586  000.549  000.549: require('vim.lsp.protocol')
036.605  000.660  000.111: require('vim.lsp.log')
037.402  000.794  000.794: require('vim.lsp.util')
037.657  000.116  000.116: require('vim.lsp.sync')
037.686  000.282  000.166: require('vim.lsp._changetracking')
037.985  000.087  000.087: require('vim.lsp._transport')
038.044  000.002  000.002: require('string.buffer')
038.045  000.059  000.057: require('vim._stringbuffer')
038.079  000.392  000.246: require('vim.lsp.rpc')
038.110  002.589  000.460: require('vim.lsp')
040.283  000.018  000.018: require('mason-lspconfig.notify')
040.298  000.149  000.131: require('mason-lspconfig.api.command')
041.180  000.881  000.881: require('mini.surround')
042.854  000.292  000.292: require('mini.notify')
043.372  000.456  000.456: require('oil')
043.411  000.038  000.038: require('oil.ringbuf')
043.525  000.112  000.112: require('oil.config')
044.334  000.698  000.698: require('vim.filetype')
044.819  000.070  000.070: require('oil.log')
044.825  000.222  000.152: require('oil.fs')
045.273  000.038  000.038: require('oil.constants')
045.297  000.471  000.433: require('oil.util')
046.392  000.959  000.959: require('mini.hues')
047.691  002.286  001.327: sourcing /home/junot/.local/share/nvim-exp/site/pack/core/opt/mini.nvim/colors/miniwinter.lua
047.725  000.003  000.003: sourcing nvim_exec2() called at /home/junot/dotfiles/nvim-exp/plugin/02-plugins.lua:0
047.726  028.116  011.926: sourcing /home/junot/.config/nvim-exp/plugin/02-plugins.lua
047.965  000.215  000.215: sourcing /home/junot/.config/nvim-exp/plugin/03-keymaps.lua
048.359  000.102  000.102: sourcing /usr/share/nvim/runtime/plugin/gzip.vim
048.816  000.091  000.091: sourcing /usr/share/nvim/runtime/pack/dist/opt/matchit/plugin/matchit.vim
048.849  000.474  000.383: sourcing /usr/share/nvim/runtime/plugin/matchit.vim
048.925  000.063  000.063: sourcing /usr/share/nvim/runtime/plugin/matchparen.vim
048.945  000.006  000.006: sourcing /usr/share/nvim/runtime/plugin/netrwPlugin.vim
049.029  000.071  000.071: sourcing /usr/share/nvim/runtime/plugin/rplugin.vim
049.098  000.053  000.053: sourcing /usr/share/nvim/runtime/plugin/tarPlugin.vim
049.121  000.009  000.009: sourcing /usr/share/nvim/runtime/plugin/tutor.vim
049.207  000.072  000.072: sourcing /usr/share/nvim/runtime/plugin/zipPlugin.vim
049.248  000.026  000.026: sourcing /usr/share/nvim/runtime/plugin/editorconfig.lua
049.297  000.035  000.035: sourcing /usr/share/nvim/runtime/plugin/man.lua
049.350  000.038  000.038: sourcing /usr/share/nvim/runtime/plugin/nvim/net.lua
049.386  000.020  000.020: sourcing /usr/share/nvim/runtime/plugin/nvim/spellfile.lua
049.462  000.059  000.059: sourcing /usr/share/nvim/runtime/plugin/osc52.lua
049.559  000.080  000.080: sourcing /usr/share/nvim/runtime/plugin/shada.lua
049.617  000.025  000.025: sourcing /usr/share/nvim/runtime/plugin/tohtml.lua
049.958  000.256  000.256: sourcing /usr/share/vim/vimfiles/plugin/fzf.vim
050.005  000.025  000.025: sourcing /usr/share/vim/vimfiles/plugin/redact_pass.vim
050.008  001.097: loading rtp plugins
050.126  000.119: loading packages
050.562  000.053  000.053: require('nvim-treesitter')
050.984  000.170  000.170: require('nvim-treesitter.async')
051.070  000.085  000.085: require('nvim-treesitter.config')
051.131  000.059  000.059: require('nvim-treesitter.log')
052.070  000.939  000.939: require('nvim-treesitter.parsers')
052.108  000.035  000.035: require('nvim-treesitter.util')
052.119  001.556  000.268: require('nvim-treesitter.install')
052.908  000.786  000.786: require('nvim-treesitter.parsers')
053.239  002.754  000.360: sourcing /home/junot/.config/nvim-exp/after/plugin/treesitter.lua
053.244  000.364: loading after plugins
053.248  000.004: inits 3
054.173  000.925: reading ShaDa
054.264  000.091: opening buffers
054.283  000.019: BufEnter autocommands
054.285  000.001: editing files in windows
054.317  000.033: VimEnter autocommands
054.331  000.014: UIEnter autocommands
054.332  000.001: before starting main loop
054.480  000.148: first screen update
054.481  000.001: --- NVIM STARTED ---

--- Startup times for process: Primary (or UI client) ---

times in msec
 clock   self+sourced   self:  sourced script
 clock   elapsed:              other lines

000.001  000.001: --- NVIM STARTING ---
000.163  000.162: event init
000.253  000.090: early init
000.300  000.047: locale set
000.346  000.046: init first window
000.750  000.403: inits 1
000.759  000.010: window checked
000.763  000.003: parsing arguments
001.283  000.043  000.043: require('vim.shared')
001.377  000.039  000.039: require('vim.inspect')
001.435  000.050  000.050: require('vim._options')
001.441  000.155  000.066: require('vim._editor')
001.482  000.039  000.039: require('vim._system')
001.482  000.266  000.029: require('vim._init_packages')
001.484  000.455: init lua interpreter
002.525  001.041: nvim_ui_attach
002.887  000.361: nvim_set_client_info
002.889  000.002: --- NVIM STARTED ---

--- Startup times for process: Embedded ---

times in msec
 clock   self+sourced   self:  sourced script
 clock   elapsed:              other lines

000.001  000.001: --- NVIM STARTING ---
000.244  000.243: event init
000.350  000.107: early init
000.418  000.067: locale set
000.474  000.056: init first window
001.098  000.625: inits 1
001.152  000.054: window checked
001.159  000.007: parsing arguments
002.023  000.055  000.055: require('vim.shared')
002.127  000.044  000.044: require('vim.inspect')
002.176  000.040  000.040: require('vim._options')
002.183  000.157  000.072: require('vim._editor')
002.228  000.044  000.044: require('vim._system')
002.229  000.290  000.034: require('vim._init_packages')
002.231  000.782: init lua interpreter
002.353  000.122: expanding arguments
002.392  000.040: inits 2
002.680  000.288: init highlight
002.682  000.001: waiting for UI
002.899  000.218: done waiting for UI
002.905  000.006: clear screen
003.027  000.012  000.012: require('vim.keymap')
003.738  000.158  000.158: sourcing nvim_exec2()
003.864  000.957  000.788: require('vim._defaults')
003.866  000.003: init default mappings & autocommands
004.444  000.082  000.082: sourcing /usr/share/nvim/runtime/ftplugin.vim
004.511  000.024  000.024: sourcing /usr/share/nvim/runtime/indent.vim
004.631  000.017  000.017: sourcing /usr/share/nvim/archlinux.vim
004.634  000.057  000.040: sourcing /etc/xdg/nvim/sysinit.vim
006.569  000.004  000.004: require('vim.F')
006.604  001.802  001.798: require('vim.diagnostic')
006.606  001.924  000.122: sourcing /home/junot/.config/nvim-exp/init.lua
006.613  000.660: sourcing vimrc file(s)
006.814  000.014  000.014: sourcing /usr/share/vim/vimfiles/ftdetect/PKGBUILD.vim
006.845  000.013  000.013: sourcing /usr/share/vim/vimfiles/ftdetect/SRCINFO.vim
006.878  000.014  000.014: sourcing /usr/share/vim/vimfiles/ftdetect/meson.vim
006.882  000.177  000.136: sourcing nvim_exec2() called at /usr/share/nvim/runtime/filetype.lua:0
006.883  000.237  000.061: sourcing /usr/share/nvim/runtime/filetype.lua
007.124  000.159  000.159: sourcing /usr/share/nvim/runtime/syntax/synload.vim
007.221  000.300  000.141: sourcing /usr/share/nvim/runtime/syntax/syntax.vim
007.600  000.035  000.035: sourcing /usr/share/nvim/runtime/filetype.lua
007.645  000.008  000.008: sourcing /usr/share/nvim/runtime/ftplugin.vim
007.679  000.006  000.006: sourcing /usr/share/nvim/runtime/indent.vim
007.689  000.158  000.108: sourcing nvim_exec2() called at /home/junot/dotfiles/nvim-exp/plugin/01-options.lua:0
017.458  009.956  009.799: sourcing /home/junot/.config/nvim-exp/plugin/01-options.lua
018.102  000.054  000.054: require('vim._async')
018.264  000.158  000.158: require('vim.version')
018.667  001.110  000.898: require('vim.pack')
018.698  000.024  000.024: require('vim.fs')
020.729  000.063  000.063: require('vim.treesitter.language')
020.758  000.024  000.024: require('vim.func')
020.822  000.063  000.063: require('vim.treesitter._range')
020.866  000.043  000.043: require('vim.func._memoize')
020.890  000.511  000.319: require('vim.treesitter.query')
020.896  000.982  000.471: require('vim.treesitter.languagetree')
020.899  001.437  000.455: require('vim.treesitter')
020.943  001.543  000.106: sourcing /home/junot/.local/share/nvim-exp/site/pack/core/opt/nvim-treesitter/plugin/filetypes.lua
021.003  000.038  000.038: sourcing /home/junot/.local/share/nvim-exp/site/pack/core/opt/nvim-treesitter/plugin/nvim-treesitter.lua
021.042  000.020  000.020: sourcing /home/junot/.local/share/nvim-exp/site/pack/core/opt/nvim-treesitter/plugin/query_predicates.lua
021.394  000.101  000.101: sourcing /home/junot/.local/share/nvim-exp/site/pack/core/opt/nvim-lspconfig/plugin/lspconfig.lua
022.352  000.338  000.338: require('lz.n')
022.513  000.072  000.072: require('lz.n.spec')
022.714  000.067  000.067: require('lz.n.loader')
022.752  000.036  000.036: require('lz.n.handler.state')
022.753  000.156  000.053: require('lz.n.handler.cmd')
022.842  000.087  000.087: require('lz.n.handler.event')
022.865  000.023  000.023: require('lz.n.handler.ft')
022.939  000.074  000.074: require('lz.n.handler.keys')
022.970  000.030  000.030: require('lz.n.handler.colorscheme')
022.989  000.019  000.019: require('lz.n.handler.lazy')
022.990  000.457  000.069: require('lz.n.handler')
023.239  000.248  000.248: require('vim.iter')
023.647  000.038  000.038: require('mason-core.path')
023.849  000.023  000.023: require('mason-core.functional.data')
023.915  000.063  000.063: require('mason-core.functional.function')
024.032  000.114  000.114: require('mason-core.functional.list')
024.085  000.033  000.033: require('mason-core.functional.relation')
024.124  000.037  000.037: require('mason-core.functional.logic')
024.155  000.030  000.030: require('mason-core.functional.number')
024.223  000.063  000.063: require('mason-core.functional.string')
024.277  000.052  000.052: require('mason-core.functional.table')
024.301  000.022  000.022: require('mason-core.functional.type')
024.303  000.549  000.111: require('mason-core.functional')
024.325  000.676  000.127: require('mason-core.platform')
024.407  000.082  000.082: require('mason.settings')
024.410  000.852  000.057: require('mason-core.installer.InstallLocation')
024.694  000.141  000.141: require('mason-core.log')
024.697  000.193  000.052: require('mason-core.EventEmitter')
024.801  000.103  000.103: require('mason-registry.sources')
024.804  000.393  000.098: require('mason-registry')
024.805  001.296  000.051: require('mason')
025.062  000.170  000.170: require('mason.api.command')
025.174  000.019  000.019: require('mason-lspconfig.settings')
025.177  000.112  000.092: require('mason-lspconfig')
025.321  000.138  000.138: require('mason-core.async')
025.508  000.089  000.089: require('mason-core.async.control')
025.584  000.075  000.075: require('mason-core.result')
025.671  000.019  000.019: require('mason-core.async.uv')
025.674  000.089  000.069: require('mason-core.fs')
025.717  000.395  000.142: require('mason-registry.installer')
025.870  000.042  000.042: require('mason-core.optional')
026.068  000.106  000.106: require('mason-core.process')
026.129  000.060  000.060: require('mason-core.spawn')
026.131  000.198  000.032: require('mason-core.installer.managers.powershell')
026.148  000.016  000.016: require('mason.version')
026.149  000.278  000.063: require('mason-core.fetch')
026.185  000.035  000.035: require('mason-core.providers')
026.455  000.107  000.107: require('mason-core.purl')
026.459  000.183  000.075: require('mason-core.package.AbstractPackage')
027.129  000.113  000.113: require('mason-core.installer.compiler.expr')
027.140  000.358  000.245: require('mason-core.installer.compiler.link')
027.758  000.068  000.068: require('mason-core.installer.context.InstallContextCwd')
027.842  000.082  000.082: require('mason-core.installer.context.InstallContextFs')
027.875  000.032  000.032: require('mason-core.installer.context.InstallContextSpawn')
027.934  000.058  000.058: require('mason-core.receipt')
027.946  000.484  000.244: require('mason-core.installer.context')
027.946  000.521  000.036: require('mason-core.installer')
027.952  000.721  000.201: require('mason-core.installer.managers.std')
027.953  000.811  000.090: require('mason-core.installer.compiler.schemas')
028.014  000.061  000.061: require('mason-core.installer.compiler.util')
028.021  001.477  000.247: require('mason-core.installer.compiler')
028.111  000.089  000.089: require('mason-core.installer.linker')
028.113  001.653  000.087: require('mason-core.installer.InstallRunner')
028.175  000.061  000.061: require('mason-core.installer.UninstallRunner')
028.180  001.967  000.070: require('mason-core.package')
028.182  001.996  000.029: require('mason-registry.sources.util')
028.187  002.436  000.086: require('mason-registry.sources.github')
030.553  000.034  000.034: require('mason-lspconfig.mappings')
030.555  000.075  000.041: require('mason-lspconfig.features.automatic_enable')
034.804  000.469  000.469: require('vim.lsp.protocol')
034.838  000.614  000.145: require('vim.lsp.log')
035.701  000.861  000.861: require('vim.lsp.util')
035.956  000.114  000.114: require('vim.lsp.sync')
035.981  000.275  000.161: require('vim.lsp._changetracking')
036.276  000.087  000.087: require('vim.lsp._transport')
036.336  000.002  000.002: require('string.buffer')
036.337  000.060  000.058: require('vim._stringbuffer')
036.367  000.384  000.237: require('vim.lsp.rpc')
036.409  002.608  000.473: require('vim.lsp')
038.430  000.019  000.019: require('mason-lspconfig.notify')
038.445  000.147  000.128: require('mason-lspconfig.api.command')
039.289  000.843  000.843: require('mini.surround')
040.983  000.287  000.287: require('mini.notify')
041.479  000.465  000.465: require('oil')
041.517  000.037  000.037: require('oil.ringbuf')
041.636  000.117  000.117: require('oil.config')
042.553  000.779  000.779: require('vim.filetype')
043.051  000.081  000.081: require('oil.log')
043.063  000.244  000.163: require('oil.fs')
043.440  000.033  000.033: require('oil.constants')
043.460  000.396  000.363: require('oil.util')
044.516  000.930  000.930: require('mini.hues')
045.791  002.232  001.302: sourcing /home/junot/.local/share/nvim-exp/site/pack/core/opt/mini.nvim/colors/miniwinter.lua
045.824  000.003  000.003: sourcing nvim_exec2() called at /home/junot/dotfiles/nvim-exp/plugin/02-plugins.lua:0
045.825  028.345  011.615: sourcing /home/junot/.config/nvim-exp/plugin/02-plugins.lua
046.009  000.161  000.161: sourcing /home/junot/.config/nvim-exp/plugin/03-keymaps.lua
046.420  000.102  000.102: sourcing /usr/share/nvim/runtime/plugin/gzip.vim
047.127  000.110  000.110: sourcing /usr/share/nvim/runtime/pack/dist/opt/matchit/plugin/matchit.vim
047.166  000.730  000.620: sourcing /usr/share/nvim/runtime/plugin/matchit.vim
047.249  000.068  000.068: sourcing /usr/share/nvim/runtime/plugin/matchparen.vim
047.269  000.005  000.005: sourcing /usr/share/nvim/runtime/plugin/netrwPlugin.vim
047.355  000.073  000.073: sourcing /usr/share/nvim/runtime/plugin/rplugin.vim
047.421  000.051  000.051: sourcing /usr/share/nvim/runtime/plugin/tarPlugin.vim
047.444  000.009  000.009: sourcing /usr/share/nvim/runtime/plugin/tutor.vim
047.527  000.069  000.069: sourcing /usr/share/nvim/runtime/plugin/zipPlugin.vim
047.598  000.057  000.057: sourcing /usr/share/nvim/runtime/plugin/editorconfig.lua
047.655  000.038  000.038: sourcing /usr/share/nvim/runtime/plugin/man.lua
047.711  000.039  000.039: sourcing /usr/share/nvim/runtime/plugin/nvim/net.lua
047.758  000.030  000.030: sourcing /usr/share/nvim/runtime/plugin/nvim/spellfile.lua
047.821  000.049  000.049: sourcing /usr/share/nvim/runtime/plugin/osc52.lua
047.903  000.067  000.067: sourcing /usr/share/nvim/runtime/plugin/shada.lua
047.945  000.021  000.021: sourcing /usr/share/nvim/runtime/plugin/tohtml.lua
049.517  001.494  001.494: sourcing /usr/share/vim/vimfiles/plugin/fzf.vim
049.986  000.227  000.227: sourcing /usr/share/vim/vimfiles/plugin/redact_pass.vim
050.012  001.272: loading rtp plugins
050.495  000.482: loading packages
050.991  000.055  000.055: require('nvim-treesitter')
051.390  000.169  000.169: require('nvim-treesitter.async')
051.472  000.080  000.080: require('nvim-treesitter.config')
051.531  000.058  000.058: require('nvim-treesitter.log')
052.666  001.134  001.134: require('nvim-treesitter.parsers')
052.703  000.035  000.035: require('nvim-treesitter.util')
052.711  001.718  000.241: require('nvim-treesitter.install')
053.596  000.882  000.882: require('nvim-treesitter.parsers')
053.992  003.084  000.429: sourcing /home/junot/.config/nvim-exp/after/plugin/treesitter.lua
053.998  000.420: loading after plugins
054.003  000.005: inits 3
055.150  001.147: reading ShaDa
055.250  000.100: opening buffers
055.272  000.021: BufEnter autocommands
055.273  000.002: editing files in windows
055.311  000.038: VimEnter autocommands
055.329  000.018: UIEnter autocommands
055.330  000.001: before starting main loop
055.541  000.211: first screen update
055.542  000.001: --- NVIM STARTED ---

--- Startup times for process: Primary (or UI client) ---

times in msec
 clock   self+sourced   self:  sourced script
 clock   elapsed:              other lines

000.001  000.001: --- NVIM STARTING ---
000.207  000.207: event init
000.325  000.117: early init
000.382  000.058: locale set
000.436  000.053: init first window
000.853  000.417: inits 1
000.862  000.010: window checked
000.865  000.003: parsing arguments
001.384  000.043  000.043: require('vim.shared')
001.476  000.042  000.042: require('vim.inspect')
001.542  000.058  000.058: require('vim._options')
001.548  000.162  000.061: require('vim._editor')
001.585  000.036  000.036: require('vim._system')
001.586  000.272  000.032: require('vim._init_packages')
001.587  000.450: init lua interpreter
002.729  001.142: nvim_ui_attach
003.139  000.410: nvim_set_client_info
003.141  000.002: --- NVIM STARTED ---

--- Startup times for process: Embedded ---

times in msec
 clock   self+sourced   self:  sourced script
 clock   elapsed:              other lines

000.001  000.001: --- NVIM STARTING ---
000.284  000.284: event init
000.460  000.175: early init
000.579  000.119: locale set
000.683  000.105: init first window
001.490  000.806: inits 1
001.509  000.019: window checked
001.511  000.002: parsing arguments
002.015  000.052  000.052: require('vim.shared')
002.103  000.039  000.039: require('vim.inspect')
002.153  000.042  000.042: require('vim._options')
002.158  000.141  000.061: require('vim._editor')
002.190  000.030  000.030: require('vim._system')
002.191  000.264  000.040: require('vim._init_packages')
002.192  000.417: init lua interpreter
002.270  000.078: expanding arguments
002.303  000.033: inits 2
002.589  000.286: init highlight
002.591  000.002: waiting for UI
002.764  000.172: done waiting for UI
002.769  000.005: clear screen
002.905  000.013  000.013: require('vim.keymap')
003.607  000.120  000.120: sourcing nvim_exec2()
003.780  001.008  000.876: require('vim._defaults')
003.781  000.004: init default mappings & autocommands
004.448  000.042  000.042: sourcing /usr/share/nvim/runtime/ftplugin.vim
004.503  000.021  000.021: sourcing /usr/share/nvim/runtime/indent.vim
004.565  000.009  000.009: sourcing /usr/share/nvim/archlinux.vim
004.568  000.034  000.025: sourcing /etc/xdg/nvim/sysinit.vim
006.326  000.004  000.004: require('vim.F')
006.405  001.722  001.717: require('vim.diagnostic')
006.407  001.810  000.088: sourcing /home/junot/.config/nvim-exp/init.lua
006.415  000.727: sourcing vimrc file(s)
006.615  000.014  000.014: sourcing /usr/share/vim/vimfiles/ftdetect/PKGBUILD.vim
006.644  000.012  000.012: sourcing /usr/share/vim/vimfiles/ftdetect/SRCINFO.vim
006.676  000.014  000.014: sourcing /usr/share/vim/vimfiles/ftdetect/meson.vim
006.680  000.175  000.135: sourcing nvim_exec2() called at /usr/share/nvim/runtime/filetype.lua:0
006.681  000.232  000.057: sourcing /usr/share/nvim/runtime/filetype.lua
006.810  000.050  000.050: sourcing /usr/share/nvim/runtime/syntax/synload.vim
006.902  000.183  000.134: sourcing /usr/share/nvim/runtime/syntax/syntax.vim
007.247  000.033  000.033: sourcing /usr/share/nvim/runtime/filetype.lua
007.289  000.008  000.008: sourcing /usr/share/nvim/runtime/ftplugin.vim
007.331  000.006  000.006: sourcing /usr/share/nvim/runtime/indent.vim
007.340  000.151  000.105: sourcing nvim_exec2() called at /home/junot/dotfiles/nvim-exp/plugin/01-options.lua:0
017.754  010.591  010.440: sourcing /home/junot/.config/nvim-exp/plugin/01-options.lua
018.988  000.071  000.071: require('vim._async')
019.146  000.156  000.156: require('vim.version')
019.560  001.611  001.384: require('vim.pack')
019.594  000.026  000.026: require('vim.fs')
021.654  000.068  000.068: require('vim.treesitter.language')
021.684  000.026  000.026: require('vim.func')
021.749  000.064  000.064: require('vim.treesitter._range')
021.794  000.043  000.043: require('vim.func._memoize')
021.808  000.509  000.308: require('vim.treesitter.query')
021.826  000.975  000.466: require('vim.treesitter.languagetree')
021.829  001.451  000.477: require('vim.treesitter')
021.889  001.584  000.133: sourcing /home/junot/.local/share/nvim-exp/site/pack/core/opt/nvim-treesitter/plugin/filetypes.lua
021.951  000.040  000.040: sourcing /home/junot/.local/share/nvim-exp/site/pack/core/opt/nvim-treesitter/plugin/nvim-treesitter.lua
021.990  000.020  000.020: sourcing /home/junot/.local/share/nvim-exp/site/pack/core/opt/nvim-treesitter/plugin/query_predicates.lua
022.352  000.111  000.111: sourcing /home/junot/.local/share/nvim-exp/site/pack/core/opt/nvim-lspconfig/plugin/lspconfig.lua
023.289  000.333  000.333: require('lz.n')
023.427  000.073  000.073: require('lz.n.spec')
023.589  000.061  000.061: require('lz.n.loader')
023.625  000.035  000.035: require('lz.n.handler.state')
023.628  000.143  000.047: require('lz.n.handler.cmd')
023.715  000.087  000.087: require('lz.n.handler.event')
023.741  000.024  000.024: require('lz.n.handler.ft')
023.813  000.071  000.071: require('lz.n.handler.keys')
023.844  000.030  000.030: require('lz.n.handler.colorscheme')
023.862  000.017  000.017: require('lz.n.handler.lazy')
023.863  000.431  000.058: require('lz.n.handler')
024.119  000.255  000.255: require('vim.iter')
024.589  000.034  000.034: require('mason-core.path')
024.809  000.027  000.027: require('mason-core.functional.data')
024.877  000.067  000.067: require('mason-core.functional.function')
025.015  000.133  000.133: require('mason-core.functional.list')
025.050  000.031  000.031: require('mason-core.functional.relation')
025.092  000.038  000.038: require('mason-core.functional.logic')
025.122  000.030  000.030: require('mason-core.functional.number')
025.197  000.058  000.058: require('mason-core.functional.string')
025.270  000.064  000.064: require('mason-core.functional.table')
025.292  000.021  000.021: require('mason-core.functional.type')
025.295  000.589  000.120: require('mason-core.functional')
025.322  000.731  000.143: require('mason-core.platform')
025.412  000.090  000.090: require('mason.settings')
025.416  000.913  000.058: require('mason-core.installer.InstallLocation')
025.717  000.158  000.158: require('mason-core.log')
025.719  000.201  000.043: require('mason-core.EventEmitter')
025.827  000.107  000.107: require('mason-registry.sources')
025.830  000.414  000.106: require('mason-registry')
025.832  001.367  000.041: require('mason')
026.177  000.196  000.196: require('mason.api.command')
026.292  000.019  000.019: require('mason-lspconfig.settings')
026.296  000.114  000.096: require('mason-lspconfig')
026.489  000.185  000.185: require('mason-core.async')
026.603  000.056  000.056: require('mason-core.async.control')
026.663  000.059  000.059: require('mason-core.result')
026.748  000.019  000.019: require('mason-core.async.uv')
026.752  000.088  000.070: require('mason-core.fs')
026.787  000.296  000.093: require('mason-registry.installer')
026.939  000.042  000.042: require('mason-core.optional')
027.141  000.109  000.109: require('mason-core.process')
027.204  000.061  000.061: require('mason-core.spawn')
027.205  000.203  000.033: require('mason-core.installer.managers.powershell')
027.223  000.017  000.017: require('mason.version')
027.225  000.285  000.064: require('mason-core.fetch')
027.262  000.036  000.036: require('mason-core.providers')
027.546  000.109  000.109: require('mason-core.purl')
027.550  000.187  000.078: require('mason-core.package.AbstractPackage')
027.883  000.052  000.052: require('mason-core.installer.compiler.expr')
027.887  000.161  000.109: require('mason-core.installer.compiler.link')
028.170  000.030  000.030: require('mason-core.installer.context.InstallContextCwd')
028.215  000.044  000.044: require('mason-core.installer.context.InstallContextFs')
028.245  000.029  000.029: require('mason-core.installer.context.InstallContextSpawn')
028.307  000.061  000.061: require('mason-core.receipt')
028.326  000.288  000.125: require('mason-core.installer.context')
028.327  000.307  000.018: require('mason-core.installer')
028.336  000.407  000.101: require('mason-core.installer.managers.std')
028.337  000.449  000.042: require('mason-core.installer.compiler.schemas')
028.388  000.050  000.050: require('mason-core.installer.compiler.util')
028.395  000.757  000.097: require('mason-core.installer.compiler')
028.474  000.078  000.078: require('mason-core.installer.linker')
028.476  000.925  000.089: require('mason-core.installer.InstallRunner')
028.530  000.054  000.054: require('mason-core.installer.UninstallRunner')
028.533  001.243  000.077: require('mason-core.package')
028.535  001.273  000.030: require('mason-registry.sources.util')
028.540  001.725  000.089: require('mason-registry.sources.github')
031.498  000.049  000.049: require('mason-lspconfig.mappings')
031.501  000.107  000.059: require('mason-lspconfig.features.automatic_enable')
036.075  000.599  000.599: require('vim.lsp.protocol')
036.110  000.736  000.137: require('vim.lsp.log')
036.893  000.781  000.781: require('vim.lsp.util')
037.154  000.118  000.118: require('vim.lsp.sync')
037.185  000.291  000.172: require('vim.lsp._changetracking')
037.497  000.092  000.092: require('vim.lsp._transport')
037.559  000.004  000.004: require('string.buffer')
037.561  000.062  000.058: require('vim._stringbuffer')
037.590  000.403  000.249: require('vim.lsp.rpc')
037.612  002.673  000.462: require('vim.lsp')
039.875  000.025  000.025: require('mason-lspconfig.notify')
039.890  000.166  000.140: require('mason-lspconfig.api.command')
040.804  000.913  000.913: require('mini.surround')
042.620  000.315  000.315: require('mini.notify')
043.139  000.448  000.448: require('oil')
043.178  000.037  000.037: require('oil.ringbuf')
043.293  000.113  000.113: require('oil.config')
044.100  000.721  000.721: require('vim.filetype')
044.620  000.064  000.064: require('oil.log')
044.627  000.217  000.153: require('oil.fs')
045.016  000.026  000.026: require('oil.constants')
045.041  000.413  000.387: require('oil.util')
046.130  000.970  000.970: require('mini.hues')
047.367  002.235  001.265: sourcing /home/junot/.local/share/nvim-exp/site/pack/core/opt/mini.nvim/colors/miniwinter.lua
047.419  000.003  000.003: sourcing nvim_exec2() called at /home/junot/dotfiles/nvim-exp/plugin/02-plugins.lua:0
047.421  029.624  012.893: sourcing /home/junot/.config/nvim-exp/plugin/02-plugins.lua
047.632  000.188  000.188: sourcing /home/junot/.config/nvim-exp/plugin/03-keymaps.lua
048.012  000.099  000.099: sourcing /usr/share/nvim/runtime/plugin/gzip.vim
048.507  000.088  000.088: sourcing /usr/share/nvim/runtime/pack/dist/opt/matchit/plugin/matchit.vim
048.541  000.515  000.427: sourcing /usr/share/nvim/runtime/plugin/matchit.vim
048.619  000.064  000.064: sourcing /usr/share/nvim/runtime/plugin/matchparen.vim
048.638  000.005  000.005: sourcing /usr/share/nvim/runtime/plugin/netrwPlugin.vim
048.722  000.072  000.072: sourcing /usr/share/nvim/runtime/plugin/rplugin.vim
048.786  000.048  000.048: sourcing /usr/share/nvim/runtime/plugin/tarPlugin.vim
048.809  000.009  000.009: sourcing /usr/share/nvim/runtime/plugin/tutor.vim
048.893  000.069  000.069: sourcing /usr/share/nvim/runtime/plugin/zipPlugin.vim
048.934  000.027  000.027: sourcing /usr/share/nvim/runtime/plugin/editorconfig.lua
048.987  000.035  000.035: sourcing /usr/share/nvim/runtime/plugin/man.lua
049.042  000.037  000.037: sourcing /usr/share/nvim/runtime/plugin/nvim/net.lua
049.077  000.018  000.018: sourcing /usr/share/nvim/runtime/plugin/nvim/spellfile.lua
049.140  000.049  000.049: sourcing /usr/share/nvim/runtime/plugin/osc52.lua
049.218  000.063  000.063: sourcing /usr/share/nvim/runtime/plugin/shada.lua
049.260  000.021  000.021: sourcing /usr/share/nvim/runtime/plugin/tohtml.lua
049.629  000.272  000.272: sourcing /usr/share/vim/vimfiles/plugin/fzf.vim
049.677  000.025  000.025: sourcing /usr/share/vim/vimfiles/plugin/redact_pass.vim
049.680  001.019: loading rtp plugins
049.792  000.112: loading packages
050.213  000.052  000.052: require('nvim-treesitter')
050.618  000.173  000.173: require('nvim-treesitter.async')
050.699  000.079  000.079: require('nvim-treesitter.config')
050.756  000.057  000.057: require('nvim-treesitter.log')
051.720  000.963  000.963: require('nvim-treesitter.parsers')
051.752  000.031  000.031: require('nvim-treesitter.util')
051.759  001.545  000.242: require('nvim-treesitter.install')
052.570  000.809  000.809: require('nvim-treesitter.parsers')
052.888  002.750  000.343: sourcing /home/junot/.config/nvim-exp/after/plugin/treesitter.lua
052.893  000.351: loading after plugins
052.897  000.003: inits 3
053.889  000.993: reading ShaDa
053.974  000.084: opening buffers
053.988  000.014: BufEnter autocommands
053.989  000.001: editing files in windows
054.010  000.022: VimEnter autocommands
054.026  000.015: UIEnter autocommands
054.027  000.001: before starting main loop
054.200  000.173: first screen update
054.201  000.001: --- NVIM STARTED ---

--- Startup times for process: Primary (or UI client) ---

times in msec
 clock   self+sourced   self:  sourced script
 clock   elapsed:              other lines

000.001  000.001: --- NVIM STARTING ---
000.154  000.153: event init
000.246  000.092: early init
000.291  000.045: locale set
000.330  000.039: init first window
000.685  000.355: inits 1
000.694  000.009: window checked
000.697  000.003: parsing arguments
001.195  000.042  000.042: require('vim.shared')
001.291  000.041  000.041: require('vim.inspect')
001.340  000.041  000.041: require('vim._options')
001.346  000.148  000.067: require('vim._editor')
001.388  000.040  000.040: require('vim._system')
001.388  000.264  000.033: require('vim._init_packages')
001.390  000.429: init lua interpreter
002.433  001.043: nvim_ui_attach
002.755  000.322: nvim_set_client_info
002.756  000.001: --- NVIM STARTED ---

--- Startup times for process: Embedded ---

times in msec
 clock   self+sourced   self:  sourced script
 clock   elapsed:              other lines

000.001  000.001: --- NVIM STARTING ---
000.282  000.281: event init
000.416  000.134: early init
000.494  000.078: locale set
000.566  000.072: init first window
001.405  000.839: inits 1
001.444  000.039: window checked
001.446  000.003: parsing arguments
002.004  000.061  000.061: require('vim.shared')
002.090  000.036  000.036: require('vim.inspect')
002.135  000.037  000.037: require('vim._options')
002.141  000.134  000.062: require('vim._editor')
002.173  000.031  000.031: require('vim._system')
002.175  000.249  000.022: require('vim._init_packages')
002.176  000.481: init lua interpreter
002.249  000.073: expanding arguments
002.277  000.028: inits 2
002.520  000.243: init highlight
002.521  000.001: waiting for UI
002.663  000.142: done waiting for UI
002.668  000.005: clear screen
002.784  000.011  000.011: require('vim.keymap')
003.472  000.127  000.127: sourcing nvim_exec2()
003.603  000.933  000.796: require('vim._defaults')
003.604  000.003: init default mappings & autocommands
004.178  000.084  000.084: sourcing /usr/share/nvim/runtime/ftplugin.vim
004.241  000.023  000.023: sourcing /usr/share/nvim/runtime/indent.vim
004.329  000.014  000.014: sourcing /usr/share/nvim/archlinux.vim
004.332  000.047  000.033: sourcing /etc/xdg/nvim/sysinit.vim
006.689  000.005  000.005: require('vim.F')
006.734  002.204  002.199: require('vim.diagnostic')
006.737  002.366  000.162: sourcing /home/junot/.config/nvim-exp/init.lua
006.746  000.621: sourcing vimrc file(s)
006.964  000.016  000.016: sourcing /usr/share/vim/vimfiles/ftdetect/PKGBUILD.vim
007.005  000.013  000.013: sourcing /usr/share/vim/vimfiles/ftdetect/SRCINFO.vim
007.041  000.016  000.016: sourcing /usr/share/vim/vimfiles/ftdetect/meson.vim
007.045  000.202  000.157: sourcing nvim_exec2() called at /usr/share/nvim/runtime/filetype.lua:0
007.047  000.263  000.061: sourcing /usr/share/nvim/runtime/filetype.lua
007.196  000.060  000.060: sourcing /usr/share/nvim/runtime/syntax/synload.vim
007.304  000.216  000.156: sourcing /usr/share/nvim/runtime/syntax/syntax.vim
007.731  000.051  000.051: sourcing /usr/share/nvim/runtime/filetype.lua
007.786  000.010  000.010: sourcing /usr/share/nvim/runtime/ftplugin.vim
007.829  000.007  000.007: sourcing /usr/share/nvim/runtime/indent.vim
007.841  000.192  000.123: sourcing nvim_exec2() called at /home/junot/dotfiles/nvim-exp/plugin/01-options.lua:0
018.294  010.680  010.488: sourcing /home/junot/.config/nvim-exp/plugin/01-options.lua
018.938  000.053  000.053: require('vim._async')
019.107  000.168  000.168: require('vim.version')
019.511  001.120  000.899: require('vim.pack')
019.560  000.028  000.028: require('vim.fs')
021.557  000.063  000.063: require('vim.treesitter.language')
021.586  000.024  000.024: require('vim.func')
021.649  000.063  000.063: require('vim.treesitter._range')
021.699  000.047  000.047: require('vim.func._memoize')
021.713  000.502  000.306: require('vim.treesitter.query')
021.734  000.910  000.408: require('vim.treesitter.languagetree')
021.737  001.412  000.502: require('vim.treesitter')
021.799  001.543  000.131: sourcing /home/junot/.local/share/nvim-exp/site/pack/core/opt/nvim-treesitter/plugin/filetypes.lua
021.868  000.048  000.048: sourcing /home/junot/.local/share/nvim-exp/site/pack/core/opt/nvim-treesitter/plugin/nvim-treesitter.lua
021.907  000.020  000.020: sourcing /home/junot/.local/share/nvim-exp/site/pack/core/opt/nvim-treesitter/plugin/query_predicates.lua
022.269  000.104  000.104: sourcing /home/junot/.local/share/nvim-exp/site/pack/core/opt/nvim-lspconfig/plugin/lspconfig.lua
023.220  000.349  000.349: require('lz.n')
023.411  000.078  000.078: require('lz.n.spec')
023.592  000.061  000.061: require('lz.n.loader')
023.626  000.034  000.034: require('lz.n.handler.state')
023.630  000.154  000.059: require('lz.n.handler.cmd')
023.718  000.088  000.088: require('lz.n.handler.event')
023.743  000.024  000.024: require('lz.n.handler.ft')
023.816  000.072  000.072: require('lz.n.handler.keys')
023.846  000.029  000.029: require('lz.n.handler.colorscheme')
023.863  000.017  000.017: require('lz.n.handler.lazy')
023.865  000.448  000.063: require('lz.n.handler')
024.122  000.256  000.256: require('vim.iter')
024.591  000.040  000.040: require('mason-core.path')
024.801  000.025  000.025: require('mason-core.functional.data')
024.866  000.063  000.063: require('mason-core.functional.function')
024.992  000.123  000.123: require('mason-core.functional.list')
025.031  000.035  000.035: require('mason-core.functional.relation')
025.069  000.036  000.036: require('mason-core.functional.logic')
025.101  000.030  000.030: require('mason-core.functional.number')
025.178  000.073  000.073: require('mason-core.functional.string')
025.246  000.066  000.066: require('mason-core.functional.table')
025.279  000.031  000.031: require('mason-core.functional.type')
025.280  000.578  000.095: require('mason-core.functional')
025.305  000.712  000.134: require('mason-core.platform')
025.365  000.059  000.059: require('mason.settings')
025.367  000.876  000.064: require('mason-core.installer.InstallLocation')
025.622  000.121  000.121: require('mason-core.log')
025.625  000.164  000.043: require('mason-core.EventEmitter')
025.801  000.176  000.176: require('mason-registry.sources')
025.808  000.440  000.100: require('mason-registry')
025.809  001.362  000.046: require('mason')
026.094  000.225  000.225: require('mason.api.command')
026.220  000.019  000.019: require('mason-lspconfig.settings')
026.223  000.122  000.104: require('mason-lspconfig')
026.317  000.087  000.087: require('mason-core.async')
026.414  000.052  000.052: require('mason-core.async.control')
026.475  000.060  000.060: require('mason-core.result')
026.558  000.019  000.019: require('mason-core.async.uv')
026.563  000.087  000.068: require('mason-core.fs')
026.593  000.276  000.077: require('mason-registry.installer')
026.744  000.043  000.043: require('mason-core.optional')
026.941  000.104  000.104: require('mason-core.process')
027.011  000.070  000.070: require('mason-core.spawn')
027.013  000.207  000.033: require('mason-core.installer.managers.powershell')
027.031  000.017  000.017: require('mason.version')
027.032  000.287  000.063: require('mason-core.fetch')
027.069  000.036  000.036: require('mason-core.providers')
027.346  000.114  000.114: require('mason-core.purl')
027.350  000.188  000.073: require('mason-core.package.AbstractPackage')
027.679  000.052  000.052: require('mason-core.installer.compiler.expr')
027.682  000.158  000.106: require('mason-core.installer.compiler.link')
027.961  000.029  000.029: require('mason-core.installer.context.InstallContextCwd')
028.012  000.051  000.051: require('mason-core.installer.context.InstallContextFs')
028.051  000.038  000.038: require('mason-core.installer.context.InstallContextSpawn')
028.112  000.059  000.059: require('mason-core.receipt')
028.122  000.292  000.114: require('mason-core.installer.context')
028.123  000.311  000.019: require('mason-core.installer')
028.132  000.409  000.099: require('mason-core.installer.managers.std')
028.133  000.451  000.041: require('mason-core.installer.compiler.schemas')
028.180  000.047  000.047: require('mason-core.installer.compiler.util')
028.196  000.759  000.104: require('mason-core.installer.compiler')
028.273  000.076  000.076: require('mason-core.installer.linker')
028.275  000.924  000.089: require('mason-core.installer.InstallRunner')
028.333  000.057  000.057: require('mason-core.installer.UninstallRunner')
028.337  001.240  000.071: require('mason-core.package')
028.339  001.269  000.029: require('mason-registry.sources.util')
028.344  001.721  000.086: require('mason-registry.sources.github')
030.637  000.033  000.033: require('mason-lspconfig.mappings')
030.639  000.076  000.043: require('mason-lspconfig.features.automatic_enable')
035.214  000.556  000.556: require('vim.lsp.protocol')
035.243  000.677  000.121: require('vim.lsp.log')
036.028  000.783  000.783: require('vim.lsp.util')
036.279  000.116  000.116: require('vim.lsp.sync')
036.305  000.274  000.159: require('vim.lsp._changetracking')
036.620  000.096  000.096: require('vim.lsp._transport')
036.686  000.003  000.003: require('string.buffer')
036.687  000.066  000.063: require('vim._stringbuffer')
036.715  000.409  000.248: require('vim.lsp.rpc')
036.754  002.622  000.479: require('vim.lsp')
038.852  000.019  000.019: require('mason-lspconfig.notify')
038.867  000.147  000.128: require('mason-lspconfig.api.command')
040.697  001.829  001.829: require('mini.pick')
041.045  000.134  000.134: require('vim.ui')
041.750  000.676  000.676: require('mini.surround')
042.840  000.290  000.290: require('mini.notify')
043.319  000.444  000.444: require('oil')
043.358  000.037  000.037: require('oil.ringbuf')
043.467  000.108  000.108: require('oil.config')
044.424  000.867  000.867: require('vim.filetype')
044.947  000.074  000.074: require('oil.log')
044.953  000.240  000.165: require('oil.fs')
045.370  000.032  000.032: require('oil.constants')
045.395  000.441  000.409: require('oil.util')
046.503  000.987  000.987: require('mini.hues')
047.793  002.310  001.323: sourcing /home/junot/.local/share/nvim-exp/site/pack/core/opt/mini.nvim/colors/miniwinter.lua
047.875  000.003  000.003: sourcing nvim_exec2() called at /home/junot/dotfiles/nvim-exp/plugin/02-plugins.lua:0
047.877  029.560  011.549: sourcing /home/junot/.config/nvim-exp/plugin/02-plugins.lua
048.121  000.220  000.220: sourcing /home/junot/.config/nvim-exp/plugin/03-keymaps.lua
048.531  000.097  000.097: sourcing /usr/share/nvim/runtime/plugin/gzip.vim
048.994  000.093  000.093: sourcing /usr/share/nvim/runtime/pack/dist/opt/matchit/plugin/matchit.vim
049.028  000.483  000.390: sourcing /usr/share/nvim/runtime/plugin/matchit.vim
049.103  000.061  000.061: sourcing /usr/share/nvim/runtime/plugin/matchparen.vim
049.123  000.005  000.005: sourcing /usr/share/nvim/runtime/plugin/netrwPlugin.vim
049.207  000.069  000.069: sourcing /usr/share/nvim/runtime/plugin/rplugin.vim
049.269  000.047  000.047: sourcing /usr/share/nvim/runtime/plugin/tarPlugin.vim
049.292  000.009  000.009: sourcing /usr/share/nvim/runtime/plugin/tutor.vim
049.378  000.072  000.072: sourcing /usr/share/nvim/runtime/plugin/zipPlugin.vim
049.419  000.027  000.027: sourcing /usr/share/nvim/runtime/plugin/editorconfig.lua
049.467  000.034  000.034: sourcing /usr/share/nvim/runtime/plugin/man.lua
049.524  000.040  000.040: sourcing /usr/share/nvim/runtime/plugin/nvim/net.lua
049.557  000.017  000.017: sourcing /usr/share/nvim/runtime/plugin/nvim/spellfile.lua
049.628  000.056  000.056: sourcing /usr/share/nvim/runtime/plugin/osc52.lua
049.715  000.071  000.071: sourcing /usr/share/nvim/runtime/plugin/shada.lua
049.755  000.021  000.021: sourcing /usr/share/nvim/runtime/plugin/tohtml.lua
050.145  000.304  000.304: sourcing /usr/share/vim/vimfiles/plugin/fzf.vim
050.223  000.035  000.035: sourcing /usr/share/vim/vimfiles/plugin/redact_pass.vim
050.227  001.093: loading rtp plugins
050.368  000.141: loading packages
050.898  000.062  000.062: require('nvim-treesitter')
051.416  000.218  000.218: require('nvim-treesitter.async')
051.517  000.099  000.099: require('nvim-treesitter.config')
051.590  000.072  000.072: require('nvim-treesitter.log')
053.059  001.468  001.468: require('nvim-treesitter.parsers')
053.101  000.040  000.040: require('nvim-treesitter.util')
053.113  002.213  000.317: require('nvim-treesitter.install')
053.977  000.861  000.861: require('nvim-treesitter.parsers')
054.327  003.524  000.388: sourcing /home/junot/.config/nvim-exp/after/plugin/treesitter.lua
054.333  000.441: loading after plugins
054.337  000.004: inits 3
055.232  000.895: reading ShaDa
055.322  000.090: opening buffers
055.354  000.032: BufEnter autocommands
055.355  000.001: editing files in windows
055.385  000.030: VimEnter autocommands
055.401  000.017: UIEnter autocommands
055.402  000.001: before starting main loop
055.573  000.171: first screen update
055.574  000.001: --- NVIM STARTED ---

